C51 COMPILER V9.54   MCU_1                                                                 05/25/2018 16:00:03 PAGE 1   


C51 COMPILER V9.54, COMPILATION OF MODULE MCU_1
OBJECT MODULE PLACED IN .\Objects\mcu_1.obj
COMPILER INVOKED BY: D:\Program Files\Keil_v5\C51\BIN\C51.EXE mcu_1.c OPTIMIZE(8,SPEED) BROWSE DEBUG OBJECTEXTEND PRINT(
                    -.\Listings\mcu_1.lst) TABS(2) OBJECT(.\Objects\mcu_1.obj)

line level    source

   1          /*AUTHOR:郑琪*/
   2          #include "reg52.h"
   3          #include <stdio.h>
   4          #include <math.h>
   5          typedef unsigned int u16;   
   6          typedef unsigned char u8;
   7          u8 cmd[2]={'0','0'};
   8          u16 num1=0,num2=0,num3=0;
   9          u8 num1_1,num1_2,num1_3,num1_4,num2_1,num2_2,num2_3,num2_4,num3_1,num3_2,num3_3,num3_4;
  10          u8 code smgduan[10]={0x3f,0x06,0x5b,0x4f,0x66,0x6d,0x7d,0x07,0x7f,0x6f};
  11          u8 hour=12,min=0,sec=0;
  12          sbit LSA=P2^2;
  13          sbit LSB=P2^3;
  14          sbit LSC=P2^4;
  15          sbit LSD=P2^5;
  16          void delay(u16 i)
  17          {
  18   1        while(i--); 
  19   1      }
  20          
  21          void DigDisplay(u16 flag)
  22          {
  23   1        u8 i;
  24   1        if(flag==1){
  25   2          for(i=0;i<3;i++)
  26   2          {
  27   3            switch(i)
  28   3            {
  29   4              case(0):
  30   4                LSA=0;LSB=0;LSC=0;LSD=0;P0=0x7c; break;//显示第0位
  31   4              case(1):
  32   4                LSA=1;LSB=0;LSC=0;LSD=0;P0=0x77; break;//显示第1位
  33   4              case(2):
  34   4                LSA=0;LSB=1;LSC=0;LSD=0;P0=0x5e; break;//显示第2位
  35   4            }
  36   3            delay(100);
  37   3            P0=0x00;
  38   3          }
  39   2        }
  40   1        else if(flag==0){
  41   2          num1_4=num1%10;
  42   2          num1_3=((num1-num1_4)/10)%10;
  43   2          num1_2=((num1-num1_3*10-num1_4)/100)%10;
  44   2          num1_1=((num1-num1_2*100-num1_3*10-num1_4)/1000)%10;
  45   2          num2_4=num2%10;
  46   2          num2_3=((num2-num2_4)/10)%10;
  47   2          num2_2=((num2-num2_3*10-num2_4)/100)%10;
  48   2          num2_1=((num2-num2_2*100-num2_3*10-num2_4)/1000)%10;
  49   2          num3_4=num3%10;
  50   2          num3_3=((num3-num3_4)/10)%10;
  51   2          num3_2=((num3-num3_3*10-num3_4)/100)%10;
  52   2          num3_1=((num3-num3_2*100-num3_3*10-num3_4)/1000)%10;
  53   2          for(i=0;i<8;i++)
  54   2          {
C51 COMPILER V9.54   MCU_1                                                                 05/25/2018 16:00:03 PAGE 2   

  55   3            switch(i)  //位选，选择点亮的数码管，
  56   3            {
  57   4              case(0):
  58   4                LSA=0;LSB=0;LSC=0;LSD=0;P0=smgduan[num1_1]; break;//显示第0位
  59   4              case(1):
  60   4                LSA=1;LSB=0;LSC=0;LSD=0;P0=smgduan[num1_2]; break;//显示第1位
  61   4              case(2):
  62   4                LSA=0;LSB=1;LSC=0;LSD=0;P0=smgduan[num1_3]; break;//显示第2位
  63   4              case(3):
  64   4                LSA=1;LSB=1;LSC=0;LSD=0;P0=smgduan[num1_4]; break;//显示第3位
  65   4              case(4):
  66   4                LSA=0;LSB=0;LSC=1;LSD=0;P0=smgduan[num2_1]; break;//显示第4位
  67   4              case(5):
  68   4                LSA=1;LSB=0;LSC=1;LSD=0;P0=smgduan[num2_2]; break;//显示第5位 
  69   4              case(6):
  70   4                LSA=0;LSB=1;LSC=1;LSD=0;P0=smgduan[num2_3]; break;
  71   4              case(7):
  72   4                LSA=1;LSB=1;LSC=1;LSD=0;P0=smgduan[num2_4]; break;
  73   4              case(8):
  74   4                LSA=0;LSB=0;LSC=0;LSD=1;P0=smgduan[num3_1]; break;
  75   4              case(9):
  76   4                LSA=1;LSB=0;LSC=0;LSD=1;P0=smgduan[num3_2]; break;//显示第0位
  77   4              case(10):
  78   4                LSA=0;LSB=1;LSC=0;LSD=1;P0=smgduan[num3_3]; break;//显示第1位
  79   4              case(11):
  80   4                LSA=1;LSB=1;LSC=0;LSD=1;P0=smgduan[num3_4]; break;//显示第2位
  81   4            }
  82   3            delay(100); //间隔一段时间扫描  
  83   3            P0=0x00;//消隐
  84   3          }   
  85   2        }
  86   1        else if(flag==2){
  87   2          for(i=0;i<8;i++)
  88   2          {
  89   3            switch(i)  //位选，选择点亮的数码管，
  90   3            {
  91   4              case(0):
  92   4                LSA=0;LSB=0;LSC=0;LSD=0;P0=smgduan[hour/10]; break;//显示第0位
  93   4              case(1):
  94   4                LSA=1;LSB=0;LSC=0;LSD=0;P0=smgduan[hour%10]; break;//显示第1位
  95   4              case(2):
  96   4                LSA=0;LSB=1;LSC=0;LSD=0;P0=0x40; break;//显示第2位
  97   4              case(3):
  98   4                LSA=1;LSB=1;LSC=0;LSD=0;P0=smgduan[min/10]; break;//显示第3位
  99   4              case(4):
 100   4                LSA=0;LSB=0;LSC=1;LSD=0;P0=smgduan[min%10]; break;//显示第4位
 101   4              case(5):
 102   4                LSA=1;LSB=0;LSC=1;LSD=0;P0=0x40; break;//显示第5位  
 103   4              case(6):
 104   4                LSA=0;LSB=1;LSC=1;LSD=0;P0=smgduan[sec/10]; break;
 105   4              case(7):
 106   4                LSA=1;LSB=1;LSC=1;LSD=0;P0=smgduan[sec%10]; break;
 107   4              case(8):
 108   4                LSA=0;LSB=0;LSC=0;LSD=1;P0=smgduan[num3_1]; break;
 109   4              case(9):
 110   4                LSA=1;LSB=0;LSC=0;LSD=1;P0=smgduan[num3_2]; break;//显示第0位
 111   4              case(10):
 112   4                LSA=0;LSB=1;LSC=0;LSD=1;P0=smgduan[num3_3]; break;//显示第1位
 113   4              case(11):
 114   4                LSA=1;LSB=1;LSC=0;LSD=1;P0=smgduan[num3_4]; break;//显示第2位
 115   4            }
 116   3            delay(100); //间隔一段时间扫描  
C51 COMPILER V9.54   MCU_1                                                                 05/25/2018 16:00:03 PAGE 3   

 117   3            P0=0x00;//消隐
 118   3          }
 119   2        }   
 120   1      }
 121          
 122          void UsartInit()
 123          {
 124   1        SCON=0X50;      
 125   1        TMOD=0X20;      
 126   1        PCON=0X80;      
 127   1        TH1=0XF4;       
 128   1        TL1=0XF4;
 129   1        ES=1;           
 130   1        EA=1;           
 131   1        TR1=1;    
 132   1      }
 133          
 134          void TimerInit()
 135          {
 136   1        TMOD=0X21;
 137   1        TH0=0X3C;
 138   1        TL0=0XB0;
 139   1        ET0=1;
 140   1        TR0=1;
 141   1      }
 142            
 143          
 144          u16 isprime(u16 n)
 145          {
 146   1        u16 m;
 147   1        //m=2;
 148   1        for(m=2;m<=sqrt(n);m++){
 149   2          if(n%m==0){
 150   3            break;
 151   3          }
 152   2        }
 153   1        if(m<=sqrt(n)){
 154   2          return 0;
 155   2        }
 156   1        else{
 157   2          return 1;
 158   2        }
 159   1      }
 160          
 161          u16 fenjie(u16 num1)
 162          {
 163   1        u16 num2;
 164   1        for(num2=3;num2<=num1/2;num2++){
 165   2          if(isprime(num2)==1 && isprime(num1-num2)==1){
 166   3            break;
 167   3          }
 168   2        }
 169   1        return num2;
 170   1      }
 171          
 172          void main()
 173          { 
 174   1        u16 k;
 175   1        P2=0xff;
 176   1        UsartInit();
 177   1        while(1){
 178   2          if(cmd[0]=='T' && cmd[1]=='M'){
C51 COMPILER V9.54   MCU_1                                                                 05/25/2018 16:00:03 PAGE 4   

 179   3            TimerInit();
 180   3            for(k=0;k<60;k++){
 181   4              DigDisplay(2);
 182   4            }
 183   3          }
 184   2          if(cmd[0]=='G' && cmd[1]=='O'){
 185   3            if(num1%2==1){
 186   4              DigDisplay(1);
 187   4            }
 188   3            else if(5<num1<10000){
 189   4              num2=fenjie(num1);
 190   4              num3=num1-num2;
 191   4                while(1){
 192   5                  DigDisplay(0);
 193   5                }
 194   4              }
 195   3            }
 196   2          if(cmd[0]=='S' && cmd[1]=='T'){
 197   3            while(1){
 198   4              num2=fenjie(num1);
 199   4              num3=num1-num2;
 200   4                for(k=0;k<150;k++){
 201   5                  DigDisplay(0);
 202   5                }
 203   4              num1+=2;
 204   4            }
 205   3          }
 206   2        }
 207   1      }
 208          
 209          void Usart() interrupt 4
 210          {
 211   1        u8 receiveData;
 212   1        receiveData=SBUF;
 213   1        RI = 0;
 214   1        SBUF=receiveData;
 215   1        while(!TI);      
 216   1        TI=0;
 217   1        if(cmd[0]=='0'){
 218   2          cmd[0]=SBUF;
 219   2        }
 220   1        else if(cmd[1]=='0'){
 221   2          cmd[1]=SBUF;
 222   2        }
 223   1        else if(cmd[1]!='0'){
 224   2          num1=10*num1+SBUF-'0';
 225   2        }
 226   1      }
 227          
 228          void Timer() interrupt 2
 229          {
 230   1        static u8 times=0;
 231   1        times+=1;
 232   1        //delay(1600);
 233   1        if(times==12){
 234   2          sec+=1;
 235   2          times=0;
 236   2        }
 237   1        if(sec==60){
 238   2          min+=1;
 239   2          sec=0;
 240   2        }
C51 COMPILER V9.54   MCU_1                                                                 05/25/2018 16:00:03 PAGE 5   

 241   1        if(min==60){
 242   2          hour+=1;
 243   2          min=0;
 244   2        }
 245   1        if(hour==24){
 246   2          hour=0;
 247   2        }
 248   1      }


MODULE INFORMATION:   STATIC OVERLAYABLE
   CODE SIZE        =   1590    ----
   CONSTANT SIZE    =     10    ----
   XDATA SIZE       =   ----    ----
   PDATA SIZE       =   ----    ----
   DATA SIZE        =     24      12
   IDATA SIZE       =   ----    ----
   BIT SIZE         =   ----    ----
END OF MODULE INFORMATION.


C51 COMPILATION COMPLETE.  0 WARNING(S),  0 ERROR(S)
