Added Component: Designator=C1(RAD-0.3)
Added Component: Designator=C2(RAD-0.3)
Added Component: Designator=Q1(TO-92A)
Added Component: Designator=Q2(TO-92A)
Added Component: Designator=R1(AXIAL-0.3)
Added Component: Designator=R2(AXIAL-0.3)
Added Component: Designator=R3(AXIAL-0.3)
Added Component: Designator=R4(AXIAL-0.3)
Added Component: Designator=Y1(HDR1X2)
Added Pin To Net: NetName=NetC1_1 Pin=C1-1
Added Pin To Net: NetName=NetC1_1 Pin=Q1-2
Added Pin To Net: NetName=NetC1_1 Pin=R1-1
Added Net: Name=NetC1_1
Added Pin To Net: NetName=NetC1_2 Pin=C1-2
Added Pin To Net: NetName=NetC1_2 Pin=Q2-3
Added Pin To Net: NetName=NetC1_2 Pin=R4-1
Added Net: Name=NetC1_2
Added Pin To Net: NetName=NetC2_1 Pin=C2-1
Added Pin To Net: NetName=NetC2_1 Pin=Q1-3
Added Pin To Net: NetName=NetC2_1 Pin=R3-1
Added Net: Name=NetC2_1
Added Pin To Net: NetName=NetC2_2 Pin=C2-2
Added Pin To Net: NetName=NetC2_2 Pin=Q2-2
Added Pin To Net: NetName=NetC2_2 Pin=R2-1
Added Net: Name=NetC2_2
Added Pin To Net: NetName=NetQ1_1 Pin=Q1-1
Added Pin To Net: NetName=NetQ1_1 Pin=Q2-1
Added Pin To Net: NetName=NetQ1_1 Pin=Y1-2
Added Net: Name=NetQ1_1
Added Pin To Net: NetName=NetR1_2 Pin=R1-2
Added Pin To Net: NetName=NetR1_2 Pin=R2-2
Added Pin To Net: NetName=NetR1_2 Pin=R3-2
Added Pin To Net: NetName=NetR1_2 Pin=R4-2
Added Pin To Net: NetName=NetR1_2 Pin=Y1-1
Added Net: Name=NetR1_2
Added Class: Name=Multivibrator
Added Room: Name=Multivibrator
