Change Component Designator: Old Designator=74HC154 New Designator=1
Change Component Designator: Old Designator=74HC245 New Designator=2
Change Component Designator: Old Designator=C2 New Designator=C7
Change Component Designator: Old Designator=C3 New Designator=C10
Change Component Designator: Old Designator=C4 New Designator=C11
Change Component Designator: Old Designator=C5 New Designator=C2
Change Component Designator: Old Designator=C6 New Designator=C3
Change Component Designator: Old Designator=C7 New Designator=C4
Change Component Designator: Old Designator=C8 New Designator=C5
Change Component Designator: Old Designator=C9 New Designator=C6
Change Component Designator: Old Designator=C10 New Designator=C8
Change Component Designator: Old Designator=C11 New Designator=C9
Change Component Designator: Old Designator=JP? New Designator=JP1
Change Component Designator: Old Designator=JP? New Designator=JP2
Change Component Designator: Old Designator=JP? New Designator=JP3
Change Component Designator: Old Designator=JP? New Designator=JP4
Change Component Designator: Old Designator=R1 New Designator=R4
Change Component Designator: Old Designator=R2 New Designator=R8
Change Component Designator: Old Designator=R3 New Designator=R1
Change Component Designator: Old Designator=R4 New Designator=R2
Change Component Designator: Old Designator=R5 New Designator=R3
Change Component Designator: Old Designator=R6 New Designator=R5
Change Component Designator: Old Designator=R7 New Designator=R6
Change Component Designator: Old Designator=R8 New Designator=R7
Change Component Designator: Old Designator=RP1 New Designator=RP3
Change Component Designator: Old Designator=RP2 New Designator=RP4
Change Component Designator: Old Designator=RP3 New Designator=RP5
Change Component Designator: Old Designator=RP4 New Designator=RP6
Change Component Designator: Old Designator=RP5 New Designator=RP7
Change Component Designator: Old Designator=RP6 New Designator=RP8
Change Component Designator: Old Designator=RP7 New Designator=RP9
Change Component Designator: Old Designator=RP8 New Designator=RP1
Change Component Designator: Old Designator=RP9 New Designator=RP2
Change Component Designator: Old Designator=S1 New Designator=S2
Change Component Designator: Old Designator=S2 New Designator=S1
