Added Component: Designator=1(SOP24-74HC154D)
Added Component: Designator=2(SOP20-74HC245)
Added Component: Designator=C1(RAD-0.3)
Added Component: Designator=C2(RB7.6-15)
Added Component: Designator=C3(RAD-0.3)
Added Component: Designator=C4(RAD-0.3)
Added Component: Designator=C5(RB7.6-15)
Added Component: Designator=C6(RAD-0.3)
Added Component: Designator=C7(RAD-0.3)
Added Component: Designator=C8(RAD-0.3)
Added Component: Designator=C9(RAD-0.3)
Added Component: Designator=C10(RAD-0.3)
Added Component: Designator=C11(RAD-0.3)
Added Component: Designator=CC1(RAD-0.3)
Added Component: Designator=CH1(SOP16-CH1-CH340G)
Added Component: Designator=D1(LED-0)
Added Component: Designator=DV1(DV1-SS14)
Added Component: Designator=JP1(JP)
Added Component: Designator=JP2(JP)
Added Component: Designator=JP3(JP)
Added Component: Designator=JP4(JP)
Added Component: Designator=LED_1(LED_12)
Added Component: Designator=LED_2(LED_12)
Added Component: Designator=LED_3(LED_12)
Added Component: Designator=Q1(E3)
Added Component: Designator=Q2(SOT-23B)
Added Component: Designator=R1(AXIAL-0.4)
Added Component: Designator=R2(AXIAL-0.4)
Added Component: Designator=R3(AXIAL-0.4)
Added Component: Designator=R4(AXIAL-0.3)
Added Component: Designator=R5(AXIAL-0.3)
Added Component: Designator=R6(AXIAL-0.4)
Added Component: Designator=R7(AXIAL-0.4)
Added Component: Designator=R8(AXIAL-0.4)
Added Component: Designator=RP1(RP-8P4R-0603)
Added Component: Designator=RP2(RP-8P4R-0603)
Added Component: Designator=RP3(RP-8P4R-0603)
Added Component: Designator=RP4(RP-8P4R-0603)
Added Component: Designator=RP5(RP-8P4R-0603)
Added Component: Designator=RP6(RP-8P4R-0603)
Added Component: Designator=RP7(RP-8P4R-0603)
Added Component: Designator=RP8(RP-8P4R-0603)
Added Component: Designator=RP9(RP-8P4R-0603)
Added Component: Designator=S1(SPST-2)
Added Component: Designator=S2(SOT23-6)
Added Component: Designator=U1(CPU_DIP40)
Added Component: Designator=USB1(USB1)
Added Component: Designator=Y1(R38)
Added Component: Designator=Y2(R38)
Added Pin To Net: NetName=+5V Pin=C7-1
Added Pin To Net: NetName=+5V Pin=C8-1
Added Pin To Net: NetName=+5V Pin=CH1-16
Added Net: Name=+5V
Added Pin To Net: NetName=D+ Pin=CH1-5
Added Pin To Net: NetName=D+ Pin=R5-2
Added Net: Name=D+
Added Pin To Net: NetName=D- Pin=CH1-6
Added Pin To Net: NetName=D- Pin=R4-2
Added Net: Name=D-
Added Pin To Net: NetName=GND Pin=1-12
Added Pin To Net: NetName=GND Pin=1-18
Added Pin To Net: NetName=GND Pin=1-19
Added Pin To Net: NetName=GND Pin=2-10
Added Pin To Net: NetName=GND Pin=2-19
Added Pin To Net: NetName=GND Pin=C1-1
Added Pin To Net: NetName=GND Pin=C3-1
Added Pin To Net: NetName=GND Pin=C4-1
Added Pin To Net: NetName=GND Pin=C5-2
Added Pin To Net: NetName=GND Pin=C6-2
Added Pin To Net: NetName=GND Pin=C7-2
Added Pin To Net: NetName=GND Pin=C8-2
Added Pin To Net: NetName=GND Pin=C9-1
Added Pin To Net: NetName=GND Pin=C10-1
Added Pin To Net: NetName=GND Pin=C11-1
Added Pin To Net: NetName=GND Pin=CC1-2
Added Pin To Net: NetName=GND Pin=CH1-1
Added Pin To Net: NetName=GND Pin=D1-2
Added Pin To Net: NetName=GND Pin=R2-2
Added Pin To Net: NetName=GND Pin=R7-2
Added Pin To Net: NetName=GND Pin=U1-20
Added Pin To Net: NetName=GND Pin=USB1-1
Added Pin To Net: NetName=GND Pin=USB1-5
Added Net: Name=GND
Added Pin To Net: NetName=LED1 Pin=1-1
Added Pin To Net: NetName=LED1 Pin=LED_1-12
Added Net: Name=LED1
Added Pin To Net: NetName=LED2 Pin=1-2
Added Pin To Net: NetName=LED2 Pin=LED_1-9
Added Net: Name=LED2
Added Pin To Net: NetName=LED3 Pin=1-3
Added Pin To Net: NetName=LED3 Pin=LED_1-8
Added Net: Name=LED3
Added Pin To Net: NetName=LED4 Pin=1-4
Added Pin To Net: NetName=LED4 Pin=LED_1-6
Added Net: Name=LED4
Added Pin To Net: NetName=LED5 Pin=1-5
Added Pin To Net: NetName=LED5 Pin=LED_2-12
Added Net: Name=LED5
Added Pin To Net: NetName=LED6 Pin=1-6
Added Pin To Net: NetName=LED6 Pin=LED_2-9
Added Net: Name=LED6
Added Pin To Net: NetName=LED7 Pin=1-7
Added Pin To Net: NetName=LED7 Pin=LED_2-8
Added Net: Name=LED7
Added Pin To Net: NetName=LED8 Pin=1-8
Added Pin To Net: NetName=LED8 Pin=LED_2-6
Added Net: Name=LED8
Added Pin To Net: NetName=LED9 Pin=1-9
Added Pin To Net: NetName=LED9 Pin=LED_3-12
Added Net: Name=LED9
Added Pin To Net: NetName=LED10 Pin=1-10
Added Pin To Net: NetName=LED10 Pin=LED_3-9
Added Net: Name=LED10
Added Pin To Net: NetName=LED11 Pin=1-11
Added Pin To Net: NetName=LED11 Pin=LED_3-8
Added Net: Name=LED11
Added Pin To Net: NetName=LED12 Pin=1-13
Added Pin To Net: NetName=LED12 Pin=LED_3-6
Added Net: Name=LED12
Added Pin To Net: NetName=Net2_11 Pin=2-11
Added Pin To Net: NetName=Net2_11 Pin=RP9-4
Added Net: Name=Net2_11
Added Pin To Net: NetName=Net2_12 Pin=2-12
Added Pin To Net: NetName=Net2_12 Pin=RP9-3
Added Net: Name=Net2_12
Added Pin To Net: NetName=Net2_13 Pin=2-13
Added Pin To Net: NetName=Net2_13 Pin=RP9-2
Added Net: Name=Net2_13
Added Pin To Net: NetName=Net2_14 Pin=2-14
Added Pin To Net: NetName=Net2_14 Pin=RP9-1
Added Net: Name=Net2_14
Added Pin To Net: NetName=Net2_15 Pin=2-15
Added Pin To Net: NetName=Net2_15 Pin=RP8-4
Added Net: Name=Net2_15
Added Pin To Net: NetName=Net2_16 Pin=2-16
Added Pin To Net: NetName=Net2_16 Pin=RP8-3
Added Net: Name=Net2_16
Added Pin To Net: NetName=Net2_17 Pin=2-17
Added Pin To Net: NetName=Net2_17 Pin=RP8-2
Added Net: Name=Net2_17
Added Pin To Net: NetName=Net2_18 Pin=2-18
Added Pin To Net: NetName=Net2_18 Pin=RP8-1
Added Net: Name=Net2_18
Added Pin To Net: NetName=NetC5_1 Pin=C5-1
Added Pin To Net: NetName=NetC5_1 Pin=C6-1
Added Pin To Net: NetName=NetC5_1 Pin=S2-1
Added Pin To Net: NetName=NetC5_1 Pin=S2-5
Added Pin To Net: NetName=NetC5_1 Pin=USB1-4
Added Net: Name=NetC5_1
Added Pin To Net: NetName=NetC9_2 Pin=C9-2
Added Pin To Net: NetName=NetC9_2 Pin=CH1-4
Added Net: Name=NetC9_2
Added Pin To Net: NetName=NetC10_2 Pin=C10-2
Added Pin To Net: NetName=NetC10_2 Pin=CH1-7
Added Pin To Net: NetName=NetC10_2 Pin=Y2-1
Added Net: Name=NetC10_2
Added Pin To Net: NetName=NetC11_2 Pin=C11-2
Added Pin To Net: NetName=NetC11_2 Pin=CH1-8
Added Pin To Net: NetName=NetC11_2 Pin=Y2-2
Added Net: Name=NetC11_2
Added Pin To Net: NetName=NetCH1_2 Pin=CH1-2
Added Net: Name=NetCH1_2
Added Pin To Net: NetName=NetCH1_13 Pin=CH1-13
Added Pin To Net: NetName=NetCH1_13 Pin=Q2-3
Added Net: Name=NetCH1_13
Added Pin To Net: NetName=NetCH1_14 Pin=CH1-14
Added Pin To Net: NetName=NetCH1_14 Pin=R8-1
Added Net: Name=NetCH1_14
Added Pin To Net: NetName=NetD1_1 Pin=D1-1
Added Pin To Net: NetName=NetD1_1 Pin=R3-2
Added Net: Name=NetD1_1
Added Pin To Net: NetName=NetLED_1_1 Pin=LED_1-1
Added Pin To Net: NetName=NetLED_1_1 Pin=LED_2-1
Added Pin To Net: NetName=NetLED_1_1 Pin=LED_3-1
Added Pin To Net: NetName=NetLED_1_1 Pin=RP9-8
Added Net: Name=NetLED_1_1
Added Pin To Net: NetName=NetLED_1_2 Pin=LED_1-2
Added Pin To Net: NetName=NetLED_1_2 Pin=LED_2-2
Added Pin To Net: NetName=NetLED_1_2 Pin=LED_3-2
Added Pin To Net: NetName=NetLED_1_2 Pin=RP8-5
Added Net: Name=NetLED_1_2
Added Pin To Net: NetName=NetLED_1_3 Pin=LED_1-3
Added Pin To Net: NetName=NetLED_1_3 Pin=LED_2-3
Added Pin To Net: NetName=NetLED_1_3 Pin=LED_3-3
Added Pin To Net: NetName=NetLED_1_3 Pin=RP9-5
Added Net: Name=NetLED_1_3
Added Pin To Net: NetName=NetLED_1_4 Pin=LED_1-4
Added Pin To Net: NetName=NetLED_1_4 Pin=LED_2-4
Added Pin To Net: NetName=NetLED_1_4 Pin=LED_3-4
Added Pin To Net: NetName=NetLED_1_4 Pin=RP8-6
Added Net: Name=NetLED_1_4
Added Pin To Net: NetName=NetLED_1_5 Pin=LED_1-5
Added Pin To Net: NetName=NetLED_1_5 Pin=LED_2-5
Added Pin To Net: NetName=NetLED_1_5 Pin=LED_3-5
Added Pin To Net: NetName=NetLED_1_5 Pin=RP9-6
Added Net: Name=NetLED_1_5
Added Pin To Net: NetName=NetLED_1_7 Pin=LED_1-7
Added Pin To Net: NetName=NetLED_1_7 Pin=LED_2-7
Added Pin To Net: NetName=NetLED_1_7 Pin=LED_3-7
Added Pin To Net: NetName=NetLED_1_7 Pin=RP8-7
Added Net: Name=NetLED_1_7
Added Pin To Net: NetName=NetLED_1_10 Pin=LED_1-10
Added Pin To Net: NetName=NetLED_1_10 Pin=LED_2-10
Added Pin To Net: NetName=NetLED_1_10 Pin=LED_3-10
Added Pin To Net: NetName=NetLED_1_10 Pin=RP9-7
Added Net: Name=NetLED_1_10
Added Pin To Net: NetName=NetLED_1_11 Pin=LED_1-11
Added Pin To Net: NetName=NetLED_1_11 Pin=LED_2-11
Added Pin To Net: NetName=NetLED_1_11 Pin=LED_3-11
Added Pin To Net: NetName=NetLED_1_11 Pin=RP8-8
Added Net: Name=NetLED_1_11
Added Pin To Net: NetName=NetQ1_2 Pin=Q1-2
Added Pin To Net: NetName=NetQ1_2 Pin=R6-2
Added Pin To Net: NetName=NetQ1_2 Pin=R7-1
Added Net: Name=NetQ1_2
Added Pin To Net: NetName=NetQ1_3 Pin=Q1-3
Added Pin To Net: NetName=NetQ1_3 Pin=S2-4
Added Net: Name=NetQ1_3
Added Pin To Net: NetName=NetQ2_1 Pin=Q2-1
Added Pin To Net: NetName=NetQ2_1 Pin=R6-1
Added Net: Name=NetQ2_1
Added Pin To Net: NetName=NetQ2_2 Pin=Q2-2
Added Pin To Net: NetName=NetQ2_2 Pin=R8-2
Added Net: Name=NetQ2_2
Added Pin To Net: NetName=NetR4_1 Pin=R4-1
Added Pin To Net: NetName=NetR4_1 Pin=USB1-3
Added Net: Name=NetR4_1
Added Pin To Net: NetName=NetR5_1 Pin=R5-1
Added Pin To Net: NetName=NetR5_1 Pin=USB1-2
Added Net: Name=NetR5_1
Added Pin To Net: NetName=P00 Pin=2-2
Added Pin To Net: NetName=P00 Pin=JP2-1
Added Pin To Net: NetName=P00 Pin=RP2-8
Added Pin To Net: NetName=P00 Pin=U1-39
Added Net: Name=P00
Added Pin To Net: NetName=P01 Pin=2-3
Added Pin To Net: NetName=P01 Pin=JP2-2
Added Pin To Net: NetName=P01 Pin=RP2-7
Added Pin To Net: NetName=P01 Pin=U1-38
Added Net: Name=P01
Added Pin To Net: NetName=P02 Pin=2-4
Added Pin To Net: NetName=P02 Pin=JP2-3
Added Pin To Net: NetName=P02 Pin=RP2-6
Added Pin To Net: NetName=P02 Pin=U1-37
Added Net: Name=P02
Added Pin To Net: NetName=P03 Pin=2-5
Added Pin To Net: NetName=P03 Pin=JP2-4
Added Pin To Net: NetName=P03 Pin=RP2-5
Added Pin To Net: NetName=P03 Pin=U1-36
Added Net: Name=P03
Added Pin To Net: NetName=P04 Pin=2-6
Added Pin To Net: NetName=P04 Pin=JP2-5
Added Pin To Net: NetName=P04 Pin=RP4-8
Added Pin To Net: NetName=P04 Pin=U1-35
Added Net: Name=P04
Added Pin To Net: NetName=P05 Pin=2-7
Added Pin To Net: NetName=P05 Pin=JP2-6
Added Pin To Net: NetName=P05 Pin=RP4-7
Added Pin To Net: NetName=P05 Pin=U1-34
Added Net: Name=P05
Added Pin To Net: NetName=P06 Pin=2-8
Added Pin To Net: NetName=P06 Pin=JP2-7
Added Pin To Net: NetName=P06 Pin=RP4-6
Added Pin To Net: NetName=P06 Pin=U1-33
Added Net: Name=P06
Added Pin To Net: NetName=P07 Pin=2-9
Added Pin To Net: NetName=P07 Pin=JP2-8
Added Pin To Net: NetName=P07 Pin=RP4-5
Added Pin To Net: NetName=P07 Pin=U1-32
Added Net: Name=P07
Added Pin To Net: NetName=P10 Pin=JP1-8
Added Pin To Net: NetName=P10 Pin=RP1-8
Added Pin To Net: NetName=P10 Pin=U1-1
Added Net: Name=P10
Added Pin To Net: NetName=P11 Pin=JP1-7
Added Pin To Net: NetName=P11 Pin=RP1-7
Added Pin To Net: NetName=P11 Pin=U1-2
Added Net: Name=P11
Added Pin To Net: NetName=P12 Pin=JP1-6
Added Pin To Net: NetName=P12 Pin=RP1-6
Added Pin To Net: NetName=P12 Pin=U1-3
Added Net: Name=P12
Added Pin To Net: NetName=P13 Pin=JP1-5
Added Pin To Net: NetName=P13 Pin=RP1-5
Added Pin To Net: NetName=P13 Pin=U1-4
Added Net: Name=P13
Added Pin To Net: NetName=P14 Pin=JP1-4
Added Pin To Net: NetName=P14 Pin=RP3-8
Added Pin To Net: NetName=P14 Pin=U1-5
Added Net: Name=P14
Added Pin To Net: NetName=P15 Pin=JP1-3
Added Pin To Net: NetName=P15 Pin=RP3-7
Added Pin To Net: NetName=P15 Pin=U1-6
Added Net: Name=P15
Added Pin To Net: NetName=P16 Pin=JP1-2
Added Pin To Net: NetName=P16 Pin=RP3-6
Added Pin To Net: NetName=P16 Pin=U1-7
Added Net: Name=P16
Added Pin To Net: NetName=P17 Pin=JP1-1
Added Pin To Net: NetName=P17 Pin=RP3-5
Added Pin To Net: NetName=P17 Pin=U1-8
Added Net: Name=P17
Added Pin To Net: NetName=P20 Pin=JP4-8
Added Pin To Net: NetName=P20 Pin=RP6-8
Added Pin To Net: NetName=P20 Pin=U1-21
Added Net: Name=P20
Added Pin To Net: NetName=P21 Pin=JP4-7
Added Pin To Net: NetName=P21 Pin=RP6-7
Added Pin To Net: NetName=P21 Pin=U1-22
Added Net: Name=P21
Added Pin To Net: NetName=P22 Pin=1-23
Added Pin To Net: NetName=P22 Pin=JP4-6
Added Pin To Net: NetName=P22 Pin=RP6-6
Added Pin To Net: NetName=P22 Pin=U1-23
Added Net: Name=P22
Added Pin To Net: NetName=P23 Pin=1-22
Added Pin To Net: NetName=P23 Pin=JP4-5
Added Pin To Net: NetName=P23 Pin=RP6-5
Added Pin To Net: NetName=P23 Pin=U1-24
Added Net: Name=P23
Added Pin To Net: NetName=P24 Pin=1-21
Added Pin To Net: NetName=P24 Pin=JP4-4
Added Pin To Net: NetName=P24 Pin=RP7-8
Added Pin To Net: NetName=P24 Pin=U1-25
Added Net: Name=P24
Added Pin To Net: NetName=P25 Pin=1-20
Added Pin To Net: NetName=P25 Pin=JP4-3
Added Pin To Net: NetName=P25 Pin=RP7-7
Added Pin To Net: NetName=P25 Pin=U1-26
Added Net: Name=P25
Added Pin To Net: NetName=P26 Pin=JP4-2
Added Pin To Net: NetName=P26 Pin=RP7-6
Added Pin To Net: NetName=P26 Pin=U1-27
Added Net: Name=P26
Added Pin To Net: NetName=P27 Pin=JP4-1
Added Pin To Net: NetName=P27 Pin=RP7-5
Added Pin To Net: NetName=P27 Pin=U1-28
Added Net: Name=P27
Added Pin To Net: NetName=P30 Pin=JP3-8
Added Pin To Net: NetName=P30 Pin=U1-10
Added Net: Name=P30
Added Pin To Net: NetName=P31 Pin=JP3-7
Added Pin To Net: NetName=P31 Pin=U1-11
Added Net: Name=P31
Added Pin To Net: NetName=P32 Pin=JP3-6
Added Pin To Net: NetName=P32 Pin=R1-2
Added Pin To Net: NetName=P32 Pin=U1-12
Added Net: Name=P32
Added Pin To Net: NetName=P33 Pin=JP3-5
Added Pin To Net: NetName=P33 Pin=RP5-5
Added Pin To Net: NetName=P33 Pin=U1-13
Added Net: Name=P33
Added Pin To Net: NetName=P34 Pin=JP3-4
Added Pin To Net: NetName=P34 Pin=U1-14
Added Net: Name=P34
Added Pin To Net: NetName=P35 Pin=JP3-3
Added Pin To Net: NetName=P35 Pin=RP5-6
Added Pin To Net: NetName=P35 Pin=U1-15
Added Net: Name=P35
Added Pin To Net: NetName=P36 Pin=JP3-2
Added Pin To Net: NetName=P36 Pin=RP5-7
Added Pin To Net: NetName=P36 Pin=U1-16
Added Net: Name=P36
Added Pin To Net: NetName=P37 Pin=JP3-1
Added Pin To Net: NetName=P37 Pin=RP5-8
Added Pin To Net: NetName=P37 Pin=U1-17
Added Net: Name=P37
Added Pin To Net: NetName=RST Pin=C2-2
Added Pin To Net: NetName=RST Pin=R2-1
Added Pin To Net: NetName=RST Pin=S1-2
Added Pin To Net: NetName=RST Pin=U1-9
Added Net: Name=RST
Added Pin To Net: NetName=VCC Pin=1-24
Added Pin To Net: NetName=VCC Pin=2-1
Added Pin To Net: NetName=VCC Pin=2-20
Added Pin To Net: NetName=VCC Pin=C1-2
Added Pin To Net: NetName=VCC Pin=C2-1
Added Pin To Net: NetName=VCC Pin=CC1-1
Added Pin To Net: NetName=VCC Pin=Q1-1
Added Pin To Net: NetName=VCC Pin=R1-1
Added Pin To Net: NetName=VCC Pin=R3-1
Added Pin To Net: NetName=VCC Pin=RP1-1
Added Pin To Net: NetName=VCC Pin=RP1-2
Added Pin To Net: NetName=VCC Pin=RP1-3
Added Pin To Net: NetName=VCC Pin=RP1-4
Added Pin To Net: NetName=VCC Pin=RP2-1
Added Pin To Net: NetName=VCC Pin=RP2-2
Added Pin To Net: NetName=VCC Pin=RP2-3
Added Pin To Net: NetName=VCC Pin=RP2-4
Added Pin To Net: NetName=VCC Pin=RP3-1
Added Pin To Net: NetName=VCC Pin=RP3-2
Added Pin To Net: NetName=VCC Pin=RP3-3
Added Pin To Net: NetName=VCC Pin=RP3-4
Added Pin To Net: NetName=VCC Pin=RP4-1
Added Pin To Net: NetName=VCC Pin=RP4-2
Added Pin To Net: NetName=VCC Pin=RP4-3
Added Pin To Net: NetName=VCC Pin=RP4-4
Added Pin To Net: NetName=VCC Pin=RP6-1
Added Pin To Net: NetName=VCC Pin=RP6-2
Added Pin To Net: NetName=VCC Pin=RP6-3
Added Pin To Net: NetName=VCC Pin=RP6-4
Added Pin To Net: NetName=VCC Pin=RP7-1
Added Pin To Net: NetName=VCC Pin=RP7-2
Added Pin To Net: NetName=VCC Pin=RP7-3
Added Pin To Net: NetName=VCC Pin=RP7-4
Added Pin To Net: NetName=VCC Pin=S1-1
Added Pin To Net: NetName=VCC Pin=U1-31
Added Pin To Net: NetName=VCC Pin=U1-40
Added Net: Name=VCC
Added Pin To Net: NetName=XT1 Pin=C3-2
Added Pin To Net: NetName=XT1 Pin=U1-19
Added Pin To Net: NetName=XT1 Pin=Y1-1
Added Net: Name=XT1
Added Pin To Net: NetName=XT2 Pin=C4-2
Added Pin To Net: NetName=XT2 Pin=U1-18
Added Pin To Net: NetName=XT2 Pin=Y1-2
Added Net: Name=XT2
Added Class: Name=mcu
Added Room: Name=mcu
